<?xml version="1.0" encoding="UTF-8"?>
<testng-results ignored="0" total="1" passed="1" failed="0" skipped="0">
  <reporter-output>
  </reporter-output>
  <suite started-at="2021-01-14T12:58:19 EST" name="Default suite" finished-at="2021-01-14T12:58:20 EST" duration-ms="560">
    <groups>
    </groups>
    <test started-at="2021-01-14T12:58:19 EST" name="Default test" finished-at="2021-01-14T12:58:20 EST" duration-ms="560">
      <class name="DatabaseValidations.DatabaseValidation">
        <test-method signature="testmethod()[pri:0, instance:DatabaseValidations.DatabaseValidation@242b836]" started-at="2021-01-14T12:58:19 EST" name="testmethod" finished-at="2021-01-14T12:58:20 EST" duration-ms="517" status="PASS">
          <reporter-output>
          </reporter-output>
        </test-method> <!-- testmethod -->
      </class> <!-- DatabaseValidations.DatabaseValidation -->
    </test> <!-- Default test -->
  </suite> <!-- Default suite -->
</testng-results>
